<?xml version="1.0" encoding="UTF-8" ?>
<testsuite tests="3" failures="1" name="controller.MainControllerTest" time="0.681" errors="0" skipped="0">
  <properties>
[...]
</properties>
  <testcase classname="controller.MainControllerTest" name="testMainController" time="0.571">
    <failure message="View name expected:&lt;home&gt; but was:&lt;static/home&gt;" type="java.lang.AssertionError">java.lang.AssertionError: View name expected:&lt;home&gt; but was:&lt;static/home&gt;
	at org.springframework.test.util.AssertionErrors.fail(AssertionErrors.java:55)
	at org.springframework.test.util.AssertionErrors.assertEquals(AssertionErrors.java:82)
	at org.springframework.test.web.servlet.result.ViewResultMatchers.lambda$name$1(ViewResultMatchers.java:68)
	at org.springframework.test.web.servlet.MockMvc$1.andExpect(MockMvc.java:179)
	at controller.MainControllerTest.testMainController(MainControllerTest.java:47)
	at java.base/jdk.internal.reflect.NativeMethodAccessorImpl.invoke0(Native Method)
	at java.base/jdk.internal.reflect.NativeMethodAccessorImpl.invoke(NativeMethodAccessorImpl.java:62)
	at java.base/jdk.internal.reflect.DelegatingMethodAccessorImpl.invoke(DelegatingMethodAccessorImpl.java:43)
	at java.base/java.lang.reflect.Method.invoke(Method.java:564)
	at org.junit.runners.model.FrameworkMethod$1.runReflectiveCall(FrameworkMethod.java:50)
	at org.junit.internal.runners.model.ReflectiveCallable.run(ReflectiveCallable.java:12)
	at org.junit.runners.model.FrameworkMethod.invokeExplosively(FrameworkMethod.java:47)
	at org.junit.internal.runners.statements.InvokeMethod.evaluate(InvokeMethod.java:17)
	at org.springframework.test.context.junit4.statements.RunBeforeTestExecutionCallbacks.evaluate(RunBeforeTestExecutionCallbacks.java:73)
	at org.springframework.test.context.junit4.statements.RunAfterTestExecutionCallbacks.evaluate(RunAfterTestExecutionCallbacks.java:83)
	at org.junit.internal.runners.statements.RunBefores.evaluate(RunBefores.java:26)
	at org.springframework.test.context.junit4.statements.RunBeforeTestMethodCallbacks.evaluate(RunBeforeTestMethodCallbacks.java:75)
	at org.springframework.test.context.junit4.statements.RunAfterTestMethodCallbacks.evaluate(RunAfterTestMethodCallbacks.java:86)
	at org.springframework.test.context.junit4.statements.SpringRepeat.evaluate(SpringRepeat.java:84)
	at org.junit.runners.ParentRunner.runLeaf(ParentRunner.java:325)
	at org.springframework.test.context.junit4.SpringJUnit4ClassRunner.runChild(SpringJUnit4ClassRunner.java:251)
	at org.springframework.test.context.junit4.SpringJUnit4ClassRunner.runChild(SpringJUnit4ClassRunner.java:97)
	at org.junit.runners.ParentRunner$3.run(ParentRunner.java:290)
	at org.junit.runners.ParentRunner$1.schedule(ParentRunner.java:71)
	at org.junit.runners.ParentRunner.runChildren(ParentRunner.java:288)
	at org.junit.runners.ParentRunner.access$000(ParentRunner.java:58)
	at org.junit.runners.ParentRunner$2.evaluate(ParentRunner.java:268)
	at org.springframework.test.context.junit4.statements.RunBeforeTestClassCallbacks.evaluate(RunBeforeTestClassCallbacks.java:61)
	at org.springframework.test.context.junit4.statements.RunAfterTestClassCallbacks.evaluate(RunAfterTestClassCallbacks.java:70)
	at org.junit.runners.ParentRunner.run(ParentRunner.java:363)
	at org.springframework.test.context.junit4.SpringJUnit4ClassRunner.run(SpringJUnit4ClassRunner.java:190)
	at org.apache.maven.surefire.junit4.JUnit4Provider.execute(JUnit4Provider.java:252)
	at org.apache.maven.surefire.junit4.JUnit4Provider.executeTestSet(JUnit4Provider.java:141)
	at org.apache.maven.surefire.junit4.JUnit4Provider.invoke(JUnit4Provider.java:112)
	at java.base/jdk.internal.reflect.NativeMethodAccessorImpl.invoke0(Native Method)
	at java.base/jdk.internal.reflect.NativeMethodAccessorImpl.invoke(NativeMethodAccessorImpl.java:62)
	at java.base/jdk.internal.reflect.DelegatingMethodAccessorImpl.invoke(DelegatingMethodAccessorImpl.java:43)
	at java.base/java.lang.reflect.Method.invoke(Method.java:564)
	at org.apache.maven.surefire.util.ReflectionUtils.invokeMethodWithArray(ReflectionUtils.java:189)
	at org.apache.maven.surefire.booter.ProviderFactory$ProviderProxy.invoke(ProviderFactory.java:165)
	at org.apache.maven.surefire.booter.ProviderFactory.invokeProvider(ProviderFactory.java:85)
	at org.apache.maven.surefire.booter.ForkedBooter.runSuitesInProcess(ForkedBooter.java:115)
	at org.apache.maven.surefire.booter.ForkedBooter.main(ForkedBooter.java:75)
</failure>
    <system-err>Jan 25, 2018 5:33:48 PM org.springframework.test.context.support.AbstractTestContextBootstrapper getDefaultTestExecutionListenerClassNames
INFO: Loaded default TestExecutionListener class names from location [META-INF/spring.factories]: [org.springframework.test.context.web.ServletTestExecutionListener, org.springframework.test.context.support.DirtiesContextBeforeModesTestExecutionListener, org.springframework.test.context.support.DependencyInjectionTestExecutionListener, org.springframework.test.context.support.DirtiesContextTestExecutionListener, org.springframework.test.context.transaction.TransactionalTestExecutionListener, org.springframework.test.context.jdbc.SqlScriptsTestExecutionListener, org.springframework.security.test.context.support.WithSecurityContextTestExecutionListener, org.springframework.security.test.context.support.ReactorContextTestExecutionListener]
Jan 25, 2018 5:33:49 PM org.springframework.test.context.support.AbstractTestContextBootstrapper getTestExecutionListeners
INFO: Using TestExecutionListeners: [org.springframework.test.context.web.ServletTestExecutionListener@1ff4931d, org.springframework.test.context.support.DirtiesContextBeforeModesTestExecutionListener@65e98b1c, org.springframework.test.context.support.DependencyInjectionTestExecutionListener@61322f9d, org.springframework.test.context.support.DirtiesContextTestExecutionListener@6ad82709, org.springframework.test.context.transaction.TransactionalTestExecutionListener@510f3d34, org.springframework.test.context.jdbc.SqlScriptsTestExecutionListener@7817fd62, org.springframework.security.test.context.support.WithSecurityContextTestExecutionListener@8297b3a, org.springframework.security.test.context.support.ReactorContextTestExecutionListener@2362f559]
Jan 25, 2018 5:33:50 PM org.springframework.context.support.AbstractApplicationContext prepareRefresh
INFO: Refreshing org.springframework.web.context.support.GenericWebApplicationContext@3098cf3b: startup date [Thu Jan 25 17:33:50 CET 2018]; root of context hierarchy
Jan 25, 2018 5:34:00 PM org.hibernate.Version logVersion
INFO: HHH000412: Hibernate Core {5.2.12.Final}
Jan 25, 2018 5:34:00 PM org.hibernate.cfg.Environment &lt;clinit&gt;
INFO: HHH000206: hibernate.properties not found
Jan 25, 2018 5:34:01 PM org.hibernate.annotations.common.reflection.java.JavaReflectionManager &lt;clinit&gt;
INFO: HCANN000001: Hibernate Commons Annotations {5.0.1.Final}
Thu Jan 25 17:34:02 CET 2018 WARN: Establishing SSL connection without server&apos;s identity verification is not recommended. According to MySQL 5.5.45+, 5.6.26+ and 5.7.6+ requirements SSL connection must be established by default if explicit option isn&apos;t set. For compliance with existing applications not using SSL the verifyServerCertificate property is set to &apos;false&apos;. You need either to explicitly disable SSL by setting useSSL=false, or set useSSL=true and provide truststore for server certificate verification.
Thu Jan 25 17:34:04 CET 2018 WARN: Establishing SSL connection without server&apos;s identity verification is not recommended. According to MySQL 5.5.45+, 5.6.26+ and 5.7.6+ requirements SSL connection must be established by default if explicit option isn&apos;t set. For compliance with existing applications not using SSL the verifyServerCertificate property is set to &apos;false&apos;. You need either to explicitly disable SSL by setting useSSL=false, or set useSSL=true and provide truststore for server certificate verification.
Jan 25, 2018 5:34:04 PM org.hibernate.dialect.Dialect &lt;init&gt;
INFO: HHH000400: Using dialect: org.hibernate.dialect.MySQLDialect
Jan 25, 2018 5:34:08 PM org.hibernate.mapping.RootClass checkCompositeIdentifier
WARN: HHH000038: Composite-id class does not override equals(): com.app.web.social.model.SecurityIssues
Jan 25, 2018 5:34:08 PM org.hibernate.mapping.RootClass checkCompositeIdentifier
WARN: HHH000039: Composite-id class does not override hashCode(): com.app.web.social.model.SecurityIssues
Jan 25, 2018 5:34:09 PM org.hibernate.validator.internal.util.Version &lt;clinit&gt;
INFO: HV000001: Hibernate Validator 6.0.5.Final
Jan 25, 2018 5:34:10 PM org.hibernate.validator.internal.engine.ValidatorFactoryImpl getTemporalValidationTolerance
INFO: HV000238: Temporal validation tolerance set to 0.
Jan 25, 2018 5:34:14 PM org.springframework.web.servlet.handler.AbstractHandlerMethodMapping$MappingRegistry register
INFO: Mapped &quot;{[/admin/lockUser/{id}],methods=[GET]}&quot; onto public org.springframework.web.servlet.ModelAndView com.app.web.social.controller.AdminController.getLockUserAccountForm(long)
Jan 25, 2018 5:34:14 PM org.springframework.web.servlet.handler.AbstractHandlerMethodMapping$MappingRegistry register
INFO: Mapped &quot;{[/admin/sendProcessing],methods=[POST]}&quot; onto public java.lang.String com.app.web.social.controller.AdminController.sendProcessing(com.app.web.social.model.PrivateMessage)
Jan 25, 2018 5:34:14 PM org.springframework.web.servlet.handler.AbstractHandlerMethodMapping$MappingRegistry register
INFO: Mapped &quot;{[/admin/sendGlobalMessage],methods=[GET]}&quot; onto public org.springframework.web.servlet.ModelAndView com.app.web.social.controller.AdminController.sendToAll()
Jan 25, 2018 5:34:14 PM org.springframework.web.servlet.handler.AbstractHandlerMethodMapping$MappingRegistry register
INFO: Mapped &quot;{[/admin],methods=[GET]}&quot; onto public java.lang.String com.app.web.social.controller.AdminController.adminPage()
Jan 25, 2018 5:34:14 PM org.springframework.web.servlet.handler.AbstractHandlerMethodMapping$MappingRegistry register
INFO: Mapped &quot;{[/admin/view-users],methods=[GET]}&quot; onto public org.springframework.web.servlet.ModelAndView com.app.web.social.controller.AdminController.viewUsers(java.lang.String)
Jan 25, 2018 5:34:14 PM org.springframework.web.servlet.handler.AbstractHandlerMethodMapping$MappingRegistry register
INFO: Mapped &quot;{[/admin/lockProcessing],methods=[POST]}&quot; onto public java.lang.String com.app.web.social.controller.AdminController.lockUser(com.app.web.social.model.temp.LockAccount)
Jan 25, 2018 5:34:14 PM org.springframework.web.servlet.handler.AbstractHandlerMethodMapping$MappingRegistry register
INFO: Mapped &quot;{[/admin/unlockUser/{id}],methods=[POST]}&quot; onto public java.lang.String com.app.web.social.controller.AdminController.unlockUserAccount(long)
Jan 25, 2018 5:34:14 PM org.springframework.web.servlet.handler.AbstractHandlerMethodMapping$MappingRegistry register
INFO: Mapped &quot;{[/admin/deleteUser/{id}],methods=[POST]}&quot; onto public java.lang.String com.app.web.social.controller.AdminController.deleteUserAccount(long)
Jan 25, 2018 5:34:14 PM org.springframework.web.servlet.handler.AbstractHandlerMethodMapping$MappingRegistry register
INFO: Mapped &quot;{[/profile/friends/viewReceivedInvitations],methods=[GET]}&quot; onto public org.springframework.web.servlet.ModelAndView com.app.web.social.controller.FriendsController.viewReceivedInvitations()
Jan 25, 2018 5:34:14 PM org.springframework.web.servlet.handler.AbstractHandlerMethodMapping$MappingRegistry register
INFO: Mapped &quot;{[/profile/friends/remove={removed}],methods=[GET]}&quot; onto public org.springframework.web.servlet.ModelAndView com.app.web.social.controller.FriendsController.removeFromFriendsList(java.lang.String)
Jan 25, 2018 5:34:14 PM org.springframework.web.servlet.handler.AbstractHandlerMethodMapping$MappingRegistry register
INFO: Mapped &quot;{[/profile/friends/viewSentInvitations],methods=[GET]}&quot; onto public org.springframework.web.servlet.ModelAndView com.app.web.social.controller.FriendsController.viewSentInvitations()
Jan 25, 2018 5:34:14 PM org.springframework.web.servlet.handler.AbstractHandlerMethodMapping$MappingRegistry register
INFO: Mapped &quot;{[/profile/friends/ invitation/decline={declined}],methods=[GET]}&quot; onto public java.lang.String com.app.web.social.controller.FriendsController.declineInvitation(java.lang.String)
Jan 25, 2018 5:34:14 PM org.springframework.web.servlet.handler.AbstractHandlerMethodMapping$MappingRegistry register
INFO: Mapped &quot;{[/profile/friends/invitation/accept={accepted}],methods=[GET]}&quot; onto public java.lang.String com.app.web.social.controller.FriendsController.acceptInvitation(java.lang.String)
Jan 25, 2018 5:34:14 PM org.springframework.web.servlet.handler.AbstractHandlerMethodMapping$MappingRegistry register
INFO: Mapped &quot;{[/profile/friends/invite={invited}],methods=[GET]}&quot; onto public java.lang.String com.app.web.social.controller.FriendsController.inviteToFriends(java.lang.String)
Jan 25, 2018 5:34:14 PM org.springframework.web.servlet.handler.AbstractHandlerMethodMapping$MappingRegistry register
INFO: Mapped &quot;{[/profile/friends/viewFriends],methods=[GET]}&quot; onto public org.springframework.web.servlet.ModelAndView com.app.web.social.controller.FriendsController.viewFriends()
Jan 25, 2018 5:34:14 PM org.springframework.web.servlet.handler.AbstractHandlerMethodMapping$MappingRegistry register
INFO: Mapped &quot;{[/login],methods=[GET]}&quot; onto public org.springframework.web.servlet.ModelAndView com.app.web.social.controller.LoginController.login(java.lang.String,java.lang.String,javax.servlet.http.HttpServletRequest,javax.servlet.http.HttpServletResponse,javax.servlet.http.HttpSession)
Jan 25, 2018 5:34:14 PM org.springframework.web.servlet.handler.AbstractHandlerMethodMapping$MappingRegistry register
INFO: Mapped &quot;{[/404],methods=[GET]}&quot; onto public java.lang.String com.app.web.social.controller.MainController.notFound()
Jan 25, 2018 5:34:14 PM org.springframework.web.servlet.handler.AbstractHandlerMethodMapping$MappingRegistry register
INFO: Mapped &quot;{[/403],methods=[GET]}&quot; onto public java.lang.String com.app.web.social.controller.MainController.accesssDenied()
Jan 25, 2018 5:34:14 PM org.springframework.web.servlet.handler.AbstractHandlerMethodMapping$MappingRegistry register
INFO: Mapped &quot;{[/],methods=[GET]}&quot; onto public java.lang.String com.app.web.social.controller.MainController.defaultPage()
Jan 25, 2018 5:34:14 PM org.springframework.web.servlet.handler.AbstractHandlerMethodMapping$MappingRegistry register
INFO: Mapped &quot;{[/home],methods=[GET]}&quot; onto public java.lang.String com.app.web.social.controller.MainController.homePage()
Jan 25, 2018 5:34:14 PM org.springframework.web.servlet.handler.AbstractHandlerMethodMapping$MappingRegistry register
INFO: Mapped &quot;{[/logout],methods=[GET]}&quot; onto public java.lang.String com.app.web.social.controller.MainController.logoutPage(javax.servlet.http.HttpServletRequest,javax.servlet.http.HttpServletResponse)
Jan 25, 2018 5:34:14 PM org.springframework.web.servlet.handler.AbstractHandlerMethodMapping$MappingRegistry register
INFO: Mapped &quot;{[/about],methods=[GET]}&quot; onto public java.lang.String com.app.web.social.controller.MainController.aboutPage()
Jan 25, 2018 5:34:14 PM org.springframework.web.servlet.handler.AbstractHandlerMethodMapping$MappingRegistry register
INFO: Mapped &quot;{[/profile/messages/send/recipient={recipient}],methods=[GET]}&quot; onto public org.springframework.web.servlet.ModelAndView com.app.web.social.controller.MessagesController.sendMessageFromProfileViewButton(java.lang.String)
Jan 25, 2018 5:34:14 PM org.springframework.web.servlet.handler.AbstractHandlerMethodMapping$MappingRegistry register
INFO: Mapped &quot;{[/profile/messages/sendProcessing],methods=[POST]}&quot; onto public org.springframework.web.servlet.ModelAndView com.app.web.social.controller.MessagesController.sendingMessageProcessing(com.app.web.social.model.PrivateMessage) throws java.io.IOException
Jan 25, 2018 5:34:14 PM org.springframework.web.servlet.handler.AbstractHandlerMethodMapping$MappingRegistry register
INFO: Mapped &quot;{[/profile/messages/inbox],methods=[GET]}&quot; onto public org.springframework.web.servlet.ModelAndView com.app.web.social.controller.MessagesController.getInbox(java.lang.String)
Jan 25, 2018 5:34:14 PM org.springframework.web.servlet.handler.AbstractHandlerMethodMapping$MappingRegistry register
INFO: Mapped &quot;{[/profile/messages/outbox/{id}],methods=[GET]}&quot; onto public org.springframework.web.servlet.ModelAndView com.app.web.social.controller.MessagesController.getOutMessage(java.lang.Long)
Jan 25, 2018 5:34:14 PM org.springframework.web.servlet.handler.AbstractHandlerMethodMapping$MappingRegistry register
INFO: Mapped &quot;{[/profile/messages/inbox/{id}],methods=[GET]}&quot; onto public org.springframework.web.servlet.ModelAndView com.app.web.social.controller.MessagesController.getInMessage(java.lang.Long)
Jan 25, 2018 5:34:14 PM org.springframework.web.servlet.handler.AbstractHandlerMethodMapping$MappingRegistry register
INFO: Mapped &quot;{[/profile/messages/outbox],methods=[GET]}&quot; onto public org.springframework.web.servlet.ModelAndView com.app.web.social.controller.MessagesController.getOutbox(java.lang.String)
Jan 25, 2018 5:34:14 PM org.springframework.web.servlet.handler.AbstractHandlerMethodMapping$MappingRegistry register
INFO: Mapped &quot;{[/profile/messages/remove/{id}],methods=[DELETE]}&quot; onto public org.springframework.web.servlet.ModelAndView com.app.web.social.controller.MessagesController.removeMessage(java.lang.Long)
Jan 25, 2018 5:34:14 PM org.springframework.web.servlet.handler.AbstractHandlerMethodMapping$MappingRegistry register
INFO: Mapped &quot;{[/profile/messages/download],methods=[GET]}&quot; onto public void com.app.web.social.controller.MessagesController.downloadAttachment(java.lang.Long,java.lang.Long,javax.servlet.http.HttpServletResponse) throws java.io.IOException
Jan 25, 2018 5:34:14 PM org.springframework.web.servlet.handler.AbstractHandlerMethodMapping$MappingRegistry register
INFO: Mapped &quot;{[/profile/messages/globalMessages],methods=[GET]}&quot; onto public org.springframework.web.servlet.ModelAndView com.app.web.social.controller.MessagesController.getGlobalMessages()
Jan 25, 2018 5:34:14 PM org.springframework.web.servlet.handler.AbstractHandlerMethodMapping$MappingRegistry register
INFO: Mapped &quot;{[/profile/edit],methods=[GET]}&quot; onto public org.springframework.web.servlet.ModelAndView com.app.web.social.controller.ProfileController.edit()
Jan 25, 2018 5:34:14 PM org.springframework.web.servlet.handler.AbstractHandlerMethodMapping$MappingRegistry register
INFO: Mapped &quot;{[/profile/view/all/],methods=[GET]}&quot; onto public org.springframework.web.servlet.ModelAndView com.app.web.social.controller.ProfileController.viewProfiles()
Jan 25, 2018 5:34:14 PM org.springframework.web.servlet.handler.AbstractHandlerMethodMapping$MappingRegistry register
INFO: Mapped &quot;{[/profile/edit/save],methods=[POST]}&quot; onto public org.springframework.web.servlet.ModelAndView com.app.web.social.controller.ProfileController.editSave(com.app.web.social.model.Profile)
Jan 25, 2018 5:34:14 PM org.springframework.web.servlet.handler.AbstractHandlerMethodMapping$MappingRegistry register
INFO: Mapped &quot;{[/profile/view/{nickname}],methods=[GET]}&quot; onto public org.springframework.web.servlet.ModelAndView com.app.web.social.controller.ProfileController.viewProfile(java.lang.String)
Jan 25, 2018 5:34:14 PM org.springframework.web.servlet.handler.AbstractHandlerMethodMapping$MappingRegistry register
INFO: Mapped &quot;{[/profile/yourProfile],methods=[GET]}&quot; onto public org.springframework.web.servlet.ModelAndView com.app.web.social.controller.ProfileController.viewProfile()
Jan 25, 2018 5:34:14 PM org.springframework.web.servlet.handler.AbstractHandlerMethodMapping$MappingRegistry register
INFO: Mapped &quot;{[/search],methods=[GET]}&quot; onto public org.springframework.web.servlet.ModelAndView com.app.web.social.controller.ProfileSearchController.search()
Jan 25, 2018 5:34:14 PM org.springframework.web.servlet.handler.AbstractHandlerMethodMapping$MappingRegistry register
INFO: Mapped &quot;{[/search/query]}&quot; onto public org.springframework.web.servlet.ModelAndView com.app.web.social.controller.ProfileSearchController.searchProfiles(java.lang.String,java.lang.String,java.lang.String)
Jan 25, 2018 5:34:14 PM org.springframework.web.servlet.handler.AbstractHandlerMethodMapping$MappingRegistry register
INFO: Mapped &quot;{[/search/goSearch],methods=[POST]}&quot; onto public org.springframework.web.servlet.ModelAndView com.app.web.social.controller.ProfileSearchController.goSearch(com.app.web.social.model.temp.SearchProfile)
Jan 25, 2018 5:34:14 PM org.springframework.web.servlet.handler.AbstractHandlerMethodMapping$MappingRegistry register
INFO: Mapped &quot;{[/sendActivationCodeAgain],methods=[GET]}&quot; onto public org.springframework.web.servlet.ModelAndView com.app.web.social.controller.RegistrationController.getSendActivationAgainForm()
Jan 25, 2018 5:34:14 PM org.springframework.web.servlet.handler.AbstractHandlerMethodMapping$MappingRegistry register
INFO: Mapped &quot;{[/activateProcessing],methods=[POST]}&quot; onto public org.springframework.web.servlet.ModelAndView com.app.web.social.controller.RegistrationController.activationProcessiong(com.app.web.social.model.temp.SecurityIssuesFormHandler)
Jan 25, 2018 5:34:14 PM org.springframework.web.servlet.handler.AbstractHandlerMethodMapping$MappingRegistry register
INFO: Mapped &quot;{[/registerProcess],methods=[POST]}&quot; onto public org.springframework.web.servlet.ModelAndView com.app.web.social.controller.RegistrationController.registerUser(com.app.web.social.model.UserAccount,org.springframework.validation.BindingResult) throws java.net.UnknownHostException
Jan 25, 2018 5:34:14 PM org.springframework.web.servlet.handler.AbstractHandlerMethodMapping$MappingRegistry register
INFO: Mapped &quot;{[/exceptions/Activate account],methods=[GET]}&quot; onto public org.springframework.web.servlet.ModelAndView com.app.web.social.controller.RegistrationController.getActivateForm()
Jan 25, 2018 5:34:14 PM org.springframework.web.servlet.handler.AbstractHandlerMethodMapping$MappingRegistry register
INFO: Mapped &quot;{[/sendActivationCodeAgainProcessing],methods=[POST]}&quot; onto public org.springframework.web.servlet.ModelAndView com.app.web.social.controller.RegistrationController.sendAgain(com.app.web.social.model.temp.SecurityIssuesFormHandler,org.springframework.web.servlet.mvc.support.RedirectAttributes)
Jan 25, 2018 5:34:14 PM org.springframework.web.servlet.handler.AbstractHandlerMethodMapping$MappingRegistry register
INFO: Mapped &quot;{[/register],methods=[GET]}&quot; onto public org.springframework.web.servlet.ModelAndView com.app.web.social.controller.RegistrationController.getRegisterForm()
Jan 25, 2018 5:34:14 PM org.springframework.web.servlet.handler.AbstractHandlerMethodMapping$MappingRegistry register
INFO: Mapped &quot;{[/exceptions/unlock],methods=[GET]}&quot; onto public org.springframework.web.servlet.ModelAndView com.app.web.social.controller.SecurityController.getAccountUnlockForm()
Jan 25, 2018 5:34:14 PM org.springframework.web.servlet.handler.AbstractHandlerMethodMapping$MappingRegistry register
INFO: Mapped &quot;{[/exceptions/sendResetPasswordCodeProcessing],methods=[POST]}&quot; onto public org.springframework.web.servlet.ModelAndView com.app.web.social.controller.SecurityController.sendPasswordResetCodeProcessiong(com.app.web.social.model.temp.SecurityIssuesFormHandler,org.springframework.web.servlet.mvc.support.RedirectAttributes)
Jan 25, 2018 5:34:14 PM org.springframework.web.servlet.handler.AbstractHandlerMethodMapping$MappingRegistry register
INFO: Mapped &quot;{[/exceptions/unlockProcessing],methods=[POST]}&quot; onto public org.springframework.web.servlet.ModelAndView com.app.web.social.controller.SecurityController.accountUnlockProcessiong(com.app.web.social.model.temp.SecurityIssuesFormHandler)
Jan 25, 2018 5:34:14 PM org.springframework.web.servlet.handler.AbstractHandlerMethodMapping$MappingRegistry register
INFO: Mapped &quot;{[/exceptions/resetPasswordProcessing],methods=[POST]}&quot; onto public org.springframework.web.servlet.ModelAndView com.app.web.social.controller.SecurityController.passwordResetProcessiong(com.app.web.social.model.temp.SecurityIssuesFormHandler)
Jan 25, 2018 5:34:14 PM org.springframework.web.servlet.handler.AbstractHandlerMethodMapping$MappingRegistry register
INFO: Mapped &quot;{[/exceptions/Reset password],methods=[GET]}&quot; onto public org.springframework.web.servlet.ModelAndView com.app.web.social.controller.SecurityController.getSendResetPasswordCodeForm()
Jan 25, 2018 5:34:14 PM org.springframework.web.servlet.handler.AbstractHandlerMethodMapping$MappingRegistry register
INFO: Mapped &quot;{[/exceptions/Unlock account],methods=[GET]}&quot; onto public org.springframework.web.servlet.ModelAndView com.app.web.social.controller.SecurityController.getSendUnlockCodeForm()
Jan 25, 2018 5:34:14 PM org.springframework.web.servlet.handler.AbstractHandlerMethodMapping$MappingRegistry register
INFO: Mapped &quot;{[/exceptions/resetPassword/set],methods=[GET]}&quot; onto public org.springframework.web.servlet.ModelAndView com.app.web.social.controller.SecurityController.getResetPasswordForm()
Jan 25, 2018 5:34:14 PM org.springframework.web.servlet.handler.AbstractHandlerMethodMapping$MappingRegistry register
INFO: Mapped &quot;{[/exceptions/sendUnlockCodeProcessing],methods=[POST]}&quot; onto public org.springframework.web.servlet.ModelAndView com.app.web.social.controller.SecurityController.sendUnlockCodeProcessiong(com.app.web.social.model.temp.SecurityIssuesFormHandler,org.springframework.web.servlet.mvc.support.RedirectAttributes)
Jan 25, 2018 5:34:14 PM org.springframework.web.servlet.handler.AbstractHandlerMethodMapping$MappingRegistry register
INFO: Mapped &quot;{[/user/edit/password/save],methods=[POST]}&quot; onto public org.springframework.web.servlet.ModelAndView com.app.web.social.controller.UserController.changePasswordProcessing(com.app.web.social.model.temp.EditAccount,org.springframework.web.servlet.mvc.support.RedirectAttributes)
Jan 25, 2018 5:34:14 PM org.springframework.web.servlet.handler.AbstractHandlerMethodMapping$MappingRegistry register
INFO: Mapped &quot;{[/user/edit],methods=[GET]}&quot; onto public org.springframework.web.servlet.ModelAndView com.app.web.social.controller.UserController.edit()
Jan 25, 2018 5:34:14 PM org.springframework.web.servlet.handler.AbstractHandlerMethodMapping$MappingRegistry register
INFO: Mapped &quot;{[/user/edit/save],methods=[POST]}&quot; onto public org.springframework.web.servlet.ModelAndView com.app.web.social.controller.UserController.editSave(com.app.web.social.model.temp.EditAccount,org.springframework.web.servlet.mvc.support.RedirectAttributes)
Jan 25, 2018 5:34:14 PM org.springframework.web.servlet.handler.AbstractHandlerMethodMapping$MappingRegistry register
INFO: Mapped &quot;{[/user/view],methods=[GET]}&quot; onto public org.springframework.web.servlet.ModelAndView com.app.web.social.controller.UserController.viewAccount()
Jan 25, 2018 5:34:14 PM org.springframework.web.servlet.handler.AbstractHandlerMethodMapping$MappingRegistry register
INFO: Mapped &quot;{[/user/edit/password],methods=[GET]}&quot; onto public org.springframework.web.servlet.ModelAndView com.app.web.social.controller.UserController.changePassword()
Jan 25, 2018 5:34:15 PM org.springframework.web.servlet.handler.AbstractUrlHandlerMapping registerHandler
INFO: Mapped URL path [/resources/*] onto handler of type [class org.springframework.web.servlet.resource.ResourceHttpRequestHandler]
Jan 25, 2018 5:34:15 PM org.springframework.web.servlet.handler.AbstractUrlHandlerMapping registerHandler
INFO: Mapped URL path [/static/*] onto handler of type [class org.springframework.web.servlet.resource.ResourceHttpRequestHandler]
Jan 25, 2018 5:34:16 PM org.hibernate.validator.internal.engine.ValidatorFactoryImpl getTemporalValidationTolerance
INFO: HV000238: Temporal validation tolerance set to 0.
Jan 25, 2018 5:34:16 PM org.springframework.web.servlet.mvc.method.annotation.RequestMappingHandlerAdapter initControllerAdviceCache
INFO: Looking for @ControllerAdvice: org.springframework.web.context.support.GenericWebApplicationContext@3098cf3b: startup date [Thu Jan 25 17:33:50 CET 2018]; root of context hierarchy
Jan 25, 2018 5:34:19 PM org.springframework.security.web.DefaultSecurityFilterChain &lt;init&gt;
INFO: Creating filter chain: org.springframework.security.web.util.matcher.AnyRequestMatcher@1, [org.springframework.security.web.context.request.async.WebAsyncManagerIntegrationFilter@156cfa20, org.springframework.security.web.context.SecurityContextPersistenceFilter@53ba1175, org.springframework.security.web.header.HeaderWriterFilter@7bfa1eb5, org.springframework.security.web.csrf.CsrfFilter@31c7c281, org.springframework.security.web.authentication.logout.LogoutFilter@d84418a, org.springframework.security.web.authentication.UsernamePasswordAuthenticationFilter@595814a1, org.springframework.security.web.session.ConcurrentSessionFilter@166ce247, org.springframework.security.web.savedrequest.RequestCacheAwareFilter@16b64a03, org.springframework.security.web.servletapi.SecurityContextHolderAwareRequestFilter@1a2724d3, org.springframework.security.web.authentication.AnonymousAuthenticationFilter@25fd6d1e, org.springframework.security.web.session.SessionManagementFilter@5353dd09, org.springframework.security.web.access.ExceptionTranslationFilter@55fb36de, org.springframework.security.web.access.intercept.FilterSecurityInterceptor@2bb0e277]
Jan 25, 2018 5:34:20 PM org.springframework.orm.hibernate5.HibernateTransactionManager afterPropertiesSet
INFO: Using DataSource [org.apache.commons.dbcp2.BasicDataSource@47d93e0d] of Hibernate SessionFactory for HibernateTransactionManager
Jan 25, 2018 5:34:21 PM org.springframework.mock.web.MockServletContext log
INFO: Initializing Spring FrameworkServlet &apos;&apos;
Jan 25, 2018 5:34:21 PM org.springframework.web.servlet.FrameworkServlet initServletBean
INFO: FrameworkServlet &apos;&apos;: initialization started
Jan 25, 2018 5:34:21 PM org.springframework.web.servlet.FrameworkServlet initServletBean
INFO: FrameworkServlet &apos;&apos;: initialization completed in 62 ms
</system-err>
  </testcase>
  <testcase classname="controller.MainControllerTest" name="accessRoleProtected" time="0.079"/>
  <testcase classname="controller.MainControllerTest" name="accessAnonymous" time="0.031"/>
</testsuite>